<?xml version="1.0" encoding="UTF-8"?>
<!-- Generated by org.testng.reporters.JUnitReportReporter -->
<testsuite hostname="codespaces-2a0736" failures="0" tests="1" name="com.qa.AppTest" time="0.001" errors="0" timestamp="2025-04-03T08:15:10 UTC" skipped="0">
  <testcase classname="com.qa.AppTest" name="testApp" time="0.001"/>
  <system-out/>
</testsuite> <!-- com.qa.AppTest -->
