<?xml version="1.0" encoding="UTF-8"?>
<!-- Generated by org.testng.reporters.JUnitReportReporter -->
<testsuite hostname="codespaces-2a0736" failures="0" tests="2" name="com.qa.tests.LoginTest" time="2.336" errors="0" timestamp="2025-04-03T08:15:10 UTC" skipped="0">
  <testcase classname="com.qa.tests.LoginTest" name="testGoogleTitle" time="1.675"/>
  <system-out/>
  <testcase classname="com.qa.tests.LoginTest" name="testSearchBoxPresence" time="0.661"/>
  <system-out/>
</testsuite> <!-- com.qa.tests.LoginTest -->
